TN:
SF:src/rpc.ts
FN:15,(anonymous_0)
FN:41,(anonymous_1)
FN:79,(anonymous_2)
FNF:3
FNH:0
FNDA:0,(anonymous_0)
FNDA:0,(anonymous_1)
FNDA:0,(anonymous_2)
DA:1,0
DA:3,0
DA:8,0
DA:10,0
DA:11,0
DA:12,0
DA:14,0
DA:16,0
DA:17,0
DA:20,0
DA:21,0
DA:24,0
DA:26,0
DA:27,0
DA:30,0
DA:31,0
DA:33,0
DA:34,0
DA:37,0
DA:42,0
DA:45,0
DA:46,0
DA:48,0
DA:49,0
DA:50,0
DA:54,0
DA:57,0
DA:58,0
DA:61,0
DA:62,0
DA:65,0
DA:69,0
DA:80,0
DA:81,0
DA:83,0
DA:84,0
DA:90,0
DA:91,0
DA:92,0
DA:93,0
DA:94,0
DA:95,0
DA:96,0
DA:97,0
DA:99,0
DA:109,0
DA:112,0
DA:113,0
LF:48
LH:0
BRDA:16,0,0,0
BRDA:20,1,0,0
BRDA:26,2,0,0
BRDA:30,3,0,0
BRDA:33,4,0,0
BRDA:46,5,0,0
BRDA:46,5,1,0
BRDA:61,6,0,0
BRDA:65,7,0,0
BRDA:65,7,1,0
BRDA:65,8,0,0
BRDA:65,8,1,0
BRDA:65,8,2,0
BRDA:65,8,3,0
BRDA:84,9,0,0
BRDA:84,9,1,0
BRDA:92,10,0,0
BRDA:92,10,1,0
BRDA:93,11,0,0
BRDA:93,11,1,0
BRDA:95,12,0,0
BRDA:95,12,1,0
BRDA:96,13,0,0
BRDA:96,13,1,0
BRF:24
BRH:0
end_of_record
TN:
SF:src/commands/index.ts
FN:5,(anonymous_0)
FNF:1
FNH:0
FNDA:0,(anonymous_0)
DA:1,0
DA:5,0
LF:2
LH:0
BRF:0
BRH:0
end_of_record
TN:
SF:src/commands/meCommand.ts
FN:13,(anonymous_0)
FN:15,(anonymous_1)
FNF:2
FNH:0
FNDA:0,(anonymous_0)
FNDA:0,(anonymous_1)
DA:3,0
DA:4,0
DA:12,0
DA:16,0
DA:21,0
LF:5
LH:0
BRF:0
BRH:0
end_of_record
TN:
SF:src/commands/cosmos/gameStateCommand.ts
FN:9,(anonymous_1)
FN:13,(anonymous_2)
FNF:2
FNH:0
FNDA:0,(anonymous_1)
FNDA:0,(anonymous_2)
DA:2,0
DA:3,0
DA:6,0
DA:9,0
DA:14,0
DA:15,0
DA:17,0
DA:18,0
DA:22,0
DA:25,0
DA:27,0
DA:31,0
DA:34,0
DA:39,0
DA:42,0
DA:45,0
LF:16
LH:0
BRDA:17,0,0,0
BRDA:17,1,0,0
BRDA:17,1,1,0
BRDA:17,1,2,0
BRDA:34,2,0,0
BRDA:34,2,1,0
BRDA:34,2,2,0
BRDA:39,3,0,0
BRDA:39,3,1,0
BRDA:39,4,0,0
BRDA:39,4,1,0
BRF:11
BRH:0
end_of_record
TN:
SF:src/commands/cosmos/index.ts
FN:1,(anonymous_0)
FN:2,(anonymous_1)
FNF:2
FNH:0
FNDA:0,(anonymous_0)
FNDA:0,(anonymous_1)
DA:1,0
DA:2,0
LF:2
LH:0
BRF:0
BRH:0
end_of_record
TN:
SF:src/commands/cosmos/performActionCommand.ts
FN:10,(anonymous_1)
FN:25,(anonymous_2)
FNF:2
FNH:0
FNDA:0,(anonymous_1)
FNDA:0,(anonymous_2)
DA:1,0
DA:4,0
DA:6,0
DA:11,0
DA:12,0
DA:13,0
DA:14,0
DA:15,0
DA:18,0
DA:19,0
DA:22,0
DA:26,0
DA:28,0
DA:29,0
DA:30,0
DA:31,0
DA:34,0
DA:35,0
DA:36,0
DA:37,0
DA:42,0
DA:44,0
DA:45,0
DA:47,0
LF:24
LH:0
BRDA:34,0,0,0
BRF:1
BRH:0
end_of_record
TN:
SF:src/engine/testConstants.ts
FN:55,(anonymous_1)
FN:60,(anonymous_2)
FN:64,(anonymous_3)
FN:83,(anonymous_4)
FN:101,(anonymous_5)
FN:115,(anonymous_6)
FN:121,(anonymous_7)
FN:125,(anonymous_8)
FN:129,(anonymous_9)
FN:133,(anonymous_10)
FN:137,(anonymous_11)
FN:141,(anonymous_12)
FN:145,(anonymous_13)
FN:149,(anonymous_14)
FN:154,(anonymous_15)
FN:159,(anonymous_16)
FN:164,(anonymous_17)
FN:169,(anonymous_18)
FN:174,(anonymous_19)
FN:178,(anonymous_20)
FN:183,(anonymous_21)
FNF:21
FNH:11
FNDA:6,(anonymous_1)
FNDA:15,(anonymous_2)
FNDA:232,(anonymous_3)
FNDA:0,(anonymous_4)
FNDA:47,(anonymous_5)
FNDA:26,(anonymous_6)
FNDA:0,(anonymous_7)
FNDA:0,(anonymous_8)
FNDA:0,(anonymous_9)
FNDA:0,(anonymous_10)
FNDA:0,(anonymous_11)
FNDA:0,(anonymous_12)
FNDA:0,(anonymous_13)
FNDA:0,(anonymous_14)
FNDA:0,(anonymous_15)
FNDA:4,(anonymous_16)
FNDA:16,(anonymous_17)
FNDA:18,(anonymous_18)
FNDA:4,(anonymous_19)
FNDA:5,(anonymous_20)
FNDA:26,(anonymous_21)
DA:1,52
DA:2,52
DA:3,52
DA:9,52
DA:10,52
DA:11,52
DA:12,52
DA:13,52
DA:14,52
DA:15,52
DA:16,52
DA:17,52
DA:19,52
DA:25,52
DA:36,52
DA:47,52
DA:51,52
DA:54,52
DA:55,52
DA:56,6
DA:60,52
DA:61,15
DA:64,52
DA:65,232
DA:66,232
DA:80,232
DA:83,52
DA:84,0
DA:98,0
DA:101,52
DA:102,47
DA:103,47
DA:104,47
DA:106,47
DA:110,52
DA:111,52
DA:112,52
DA:115,52
DA:117,26
DA:118,26
DA:119,26
DA:122,0
DA:126,0
DA:130,0
DA:134,0
DA:138,0
DA:142,0
DA:146,0
DA:150,0
DA:155,0
DA:160,4
DA:165,16
DA:170,18
DA:171,18
DA:175,4
DA:179,5
DA:180,5
DA:184,26
DA:185,26
DA:186,26
LF:60
LH:49
BRDA:83,0,0,0
BRDA:160,1,0,4
BRDA:160,1,1,2
BRF:3
BRH:2
end_of_record
TN:
SF:src/engine/texasHoldem.ts
FN:71,(anonymous_1)
FN:143,(anonymous_2)
FN:144,(anonymous_3)
FN:195,(anonymous_4)
FN:228,(anonymous_5)
FN:260,(anonymous_6)
FN:265,(anonymous_7)
FN:269,(anonymous_8)
FN:273,(anonymous_9)
FN:277,(anonymous_10)
FN:281,(anonymous_11)
FN:285,(anonymous_12)
FN:290,(anonymous_13)
FN:294,(anonymous_14)
FN:311,(anonymous_15)
FN:315,(anonymous_16)
FN:319,(anonymous_17)
FN:323,(anonymous_18)
FN:327,(anonymous_19)
FN:332,(anonymous_20)
FN:338,(anonymous_21)
FN:343,(anonymous_22)
FN:347,(anonymous_23)
FN:351,(anonymous_24)
FN:356,(anonymous_25)
FN:365,(anonymous_26)
FN:378,(anonymous_27)
FN:379,(anonymous_28)
FN:385,(anonymous_29)
FN:392,(anonymous_30)
FN:393,(anonymous_31)
FN:399,(anonymous_32)
FN:400,(anonymous_33)
FN:406,(anonymous_34)
FN:408,(anonymous_35)
FN:420,(anonymous_36)
FN:438,(anonymous_37)
FN:446,(anonymous_38)
FN:458,(anonymous_39)
FN:465,(anonymous_40)
FN:485,(anonymous_41)
FN:498,(anonymous_42)
FN:512,(anonymous_43)
FN:524,(anonymous_44)
FN:543,(anonymous_45)
FN:595,(anonymous_46)
FN:613,(anonymous_47)
FN:628,(anonymous_48)
FN:648,(anonymous_49)
FN:670,(anonymous_50)
FN:677,(anonymous_51)
FN:685,(anonymous_52)
FN:691,(anonymous_53)
FN:705,(anonymous_54)
FN:723,(anonymous_55)
FN:725,(anonymous_56)
FN:765,(anonymous_57)
FN:769,(anonymous_58)
FN:770,(anonymous_59)
FN:815,(anonymous_60)
FN:831,(anonymous_61)
FN:845,(anonymous_62)
FN:846,(anonymous_63)
FN:847,(anonymous_64)
FN:856,(anonymous_65)
FN:857,(anonymous_66)
FN:860,(anonymous_67)
FN:870,(anonymous_68)
FN:882,(anonymous_69)
FN:883,(anonymous_70)
FN:887,(anonymous_71)
FN:896,(anonymous_72)
FN:923,(anonymous_73)
FN:933,(anonymous_74)
FN:967,(anonymous_75)
FN:981,(anonymous_76)
FN:989,(anonymous_77)
FN:992,(anonymous_78)
FN:1007,(anonymous_79)
FN:1014,(anonymous_80)
FN:1027,(anonymous_81)
FN:1035,(anonymous_82)
FN:1042,(anonymous_83)
FN:1048,(anonymous_84)
FN:1152,(anonymous_85)
FN:1163,(anonymous_86)
FN:1174,(anonymous_87)
FN:1188,(anonymous_88)
FN:1211,(anonymous_89)
FN:1235,(anonymous_90)
FN:1244,(anonymous_91)
FN:1262,(anonymous_92)
FN:1289,(anonymous_93)
FN:1305,(anonymous_94)
FN:1319,(anonymous_95)
FN:1324,(anonymous_96)
FN:1339,(anonymous_97)
FN:1343,(anonymous_98)
FN:1352,(anonymous_99)
FN:1353,(anonymous_100)
FN:1353,(anonymous_101)
FN:1360,(anonymous_102)
FN:1373,(anonymous_103)
FN:1379,(anonymous_104)
FN:1383,(anonymous_105)
FN:1394,(anonymous_106)
FN:1395,(anonymous_107)
FN:1399,(anonymous_108)
FN:1400,(anonymous_109)
FN:1400,(anonymous_110)
FN:1409,(anonymous_111)
FN:1426,(anonymous_112)
FN:1436,(anonymous_113)
FN:1445,(anonymous_114)
FN:1457,(anonymous_115)
FN:1457,(anonymous_116)
FN:1463,(anonymous_117)
FN:1479,(anonymous_118)
FN:1480,(anonymous_119)
FN:1495,(anonymous_120)
FN:1509,(anonymous_121)
FN:1510,(anonymous_122)
FN:1525,(anonymous_123)
FN:1537,(anonymous_124)
FN:1537,(anonymous_125)
FN:1567,(anonymous_126)
FN:1570,(anonymous_127)
FN:1571,(anonymous_128)
FN:1598,(anonymous_129)
FN:1676,(anonymous_130)
FN:1686,(anonymous_131)
FN:1696,(anonymous_132)
FN:1713,(anonymous_133)
FN:1746,(anonymous_134)
FNF:134
FNH:114
FNDA:398,(anonymous_1)
FNDA:398,(anonymous_2)
FNDA:0,(anonymous_3)
FNDA:398,(anonymous_4)
FNDA:4,(anonymous_5)
FNDA:933,(anonymous_6)
FNDA:146,(anonymous_7)
FNDA:4467,(anonymous_8)
FNDA:428,(anonymous_9)
FNDA:4,(anonymous_10)
FNDA:1,(anonymous_11)
FNDA:18,(anonymous_12)
FNDA:307,(anonymous_13)
FNDA:3309,(anonymous_14)
FNDA:181,(anonymous_15)
FNDA:181,(anonymous_16)
FNDA:220,(anonymous_17)
FNDA:3084,(anonymous_18)
FNDA:252,(anonymous_19)
FNDA:95,(anonymous_20)
FNDA:825,(anonymous_21)
FNDA:4,(anonymous_22)
FNDA:116,(anonymous_23)
FNDA:117,(anonymous_24)
FNDA:22,(anonymous_25)
FNDA:2050,(anonymous_26)
FNDA:114,(anonymous_27)
FNDA:241,(anonymous_28)
FNDA:199,(anonymous_29)
FNDA:244,(anonymous_30)
FNDA:518,(anonymous_31)
FNDA:205,(anonymous_32)
FNDA:513,(anonymous_33)
FNDA:525,(anonymous_34)
FNDA:1168,(anonymous_35)
FNDA:1520,(anonymous_36)
FNDA:3316,(anonymous_37)
FNDA:1058,(anonymous_38)
FNDA:953,(anonymous_39)
FNDA:15,(anonymous_40)
FNDA:1,(anonymous_41)
FNDA:195,(anonymous_42)
FNDA:3,(anonymous_43)
FNDA:0,(anonymous_44)
FNDA:42,(anonymous_45)
FNDA:82,(anonymous_46)
FNDA:97,(anonymous_47)
FNDA:16,(anonymous_48)
FNDA:124,(anonymous_49)
FNDA:124,(anonymous_50)
FNDA:921,(anonymous_51)
FNDA:938,(anonymous_52)
FNDA:676,(anonymous_53)
FNDA:511,(anonymous_54)
FNDA:2485,(anonymous_55)
FNDA:1300,(anonymous_56)
FNDA:0,(anonymous_57)
FNDA:0,(anonymous_58)
FNDA:0,(anonymous_59)
FNDA:343,(anonymous_60)
FNDA:696,(anonymous_61)
FNDA:323,(anonymous_62)
FNDA:386,(anonymous_63)
FNDA:391,(anonymous_64)
FNDA:13,(anonymous_65)
FNDA:13,(anonymous_66)
FNDA:27,(anonymous_67)
FNDA:388,(anonymous_68)
FNDA:298,(anonymous_69)
FNDA:202,(anonymous_70)
FNDA:298,(anonymous_71)
FNDA:298,(anonymous_72)
FNDA:83,(anonymous_73)
FNDA:64,(anonymous_74)
FNDA:104,(anonymous_75)
FNDA:246,(anonymous_76)
FNDA:121,(anonymous_77)
FNDA:1573,(anonymous_78)
FNDA:1573,(anonymous_79)
FNDA:0,(anonymous_80)
FNDA:44,(anonymous_81)
FNDA:44,(anonymous_82)
FNDA:53,(anonymous_83)
FNDA:515,(anonymous_84)
FNDA:316,(anonymous_85)
FNDA:209,(anonymous_86)
FNDA:525,(anonymous_87)
FNDA:561,(anonymous_88)
FNDA:17,(anonymous_89)
FNDA:836,(anonymous_90)
FNDA:62,(anonymous_91)
FNDA:208,(anonymous_92)
FNDA:185,(anonymous_93)
FNDA:62,(anonymous_94)
FNDA:82,(anonymous_95)
FNDA:7,(anonymous_96)
FNDA:14,(anonymous_97)
FNDA:14,(anonymous_98)
FNDA:14,(anonymous_99)
FNDA:14,(anonymous_100)
FNDA:98,(anonymous_101)
FNDA:28,(anonymous_102)
FNDA:28,(anonymous_103)
FNDA:0,(anonymous_104)
FNDA:0,(anonymous_105)
FNDA:0,(anonymous_106)
FNDA:0,(anonymous_107)
FNDA:0,(anonymous_108)
FNDA:0,(anonymous_109)
FNDA:0,(anonymous_110)
FNDA:0,(anonymous_111)
FNDA:0,(anonymous_112)
FNDA:16,(anonymous_113)
FNDA:14,(anonymous_114)
FNDA:19,(anonymous_115)
FNDA:1,(anonymous_116)
FNDA:19,(anonymous_117)
FNDA:19,(anonymous_118)
FNDA:133,(anonymous_119)
FNDA:24,(anonymous_120)
FNDA:0,(anonymous_121)
FNDA:0,(anonymous_122)
FNDA:0,(anonymous_123)
FNDA:0,(anonymous_124)
FNDA:0,(anonymous_125)
FNDA:17,(anonymous_126)
FNDA:44,(anonymous_127)
FNDA:44,(anonymous_128)
FNDA:32,(anonymous_129)
FNDA:15,(anonymous_130)
FNDA:2,(anonymous_131)
FNDA:146,(anonymous_132)
FNDA:133,(anonymous_133)
FNDA:8,(anonymous_134)
DA:1,52
DA:19,52
DA:20,52
DA:23,52
DA:41,52
DA:43,52
DA:44,52
DA:45,52
DA:46,52
DA:47,52
DA:48,52
DA:57,398
DA:58,398
DA:59,398
DA:64,398
DA:65,398
DA:66,398
DA:68,398
DA:74,398
DA:76,398
DA:77,398
DA:84,398
DA:86,398
DA:88,398
DA:89,398
DA:90,398
DA:91,398
DA:94,398
DA:106,398
DA:109,398
DA:110,14
DA:116,14
DA:120,398
DA:121,398
DA:122,110
DA:123,110
DA:129,398
DA:130,398
DA:131,398
DA:136,398
DA:139,398
DA:142,398
DA:143,398
DA:148,398
DA:164,398
DA:166,398
DA:171,19
DA:181,19
DA:182,19
DA:185,379
DA:186,379
DA:196,398
DA:197,353
DA:200,45
DA:202,473
DA:212,473
DA:214,382
DA:216,382
DA:217,382
DA:220,91
DA:231,4
DA:234,4
DA:235,8
DA:238,8
DA:239,0
DA:243,4
DA:244,4
DA:247,4
DA:248,4
DA:249,4
DA:250,4
DA:251,4
DA:252,4
DA:253,4
DA:254,4
DA:255,4
DA:256,4
DA:261,933
DA:266,146
DA:270,4467
DA:274,428
DA:278,4
DA:282,1
DA:286,18
DA:287,18
DA:291,307
DA:294,3309
DA:296,307
DA:297,55
DA:301,252
DA:302,252
DA:303,252
DA:307,0
DA:312,181
DA:316,181
DA:320,220
DA:324,3084
DA:328,252
DA:329,252
DA:333,95
DA:334,95
DA:340,825
DA:344,4
DA:348,116
DA:352,117
DA:357,22
DA:366,2050
DA:367,2050
DA:368,3075
DA:369,1866
DA:372,184
DA:379,241
DA:386,199
DA:393,518
DA:400,513
DA:407,525
DA:409,1168
DA:421,1520
DA:422,0
DA:425,1520
DA:426,1520
DA:427,2417
DA:428,1520
DA:432,0
DA:440,3316
DA:447,1058
DA:448,1564
DA:449,1058
DA:452,0
DA:459,953
DA:466,15
DA:469,15
DA:470,38
DA:471,14
DA:476,1
DA:477,0
DA:478,0
DA:482,1
DA:486,1
DA:487,1
DA:488,9
DA:489,0
DA:492,1
DA:500,195
DA:501,0
DA:505,195
DA:506,195
DA:513,3
DA:514,3
DA:515,0
DA:518,3
DA:525,0
DA:526,0
DA:527,0
DA:530,0
DA:531,0
DA:532,0
DA:535,0
DA:552,42
DA:553,0
DA:558,42
DA:559,0
DA:568,42
DA:571,42
DA:572,86
DA:573,86
DA:574,86
DA:576,0
DA:581,42
DA:582,86
DA:583,86
DA:584,86
DA:589,42
DA:596,82
DA:599,82
DA:602,82
DA:605,82
DA:606,82
DA:614,97
DA:616,27
DA:617,70
DA:619,16
DA:620,54
DA:622,14
DA:623,40
DA:629,16
DA:630,16
DA:632,0
DA:634,16
DA:636,0
DA:638,16
DA:640,0
DA:642,16
DA:649,124
DA:651,42
DA:653,27
DA:655,16
DA:657,14
DA:659,13
DA:661,12
DA:663,0
DA:671,124
DA:678,921
DA:679,921
DA:686,938
DA:687,938
DA:690,938
DA:691,676
DA:694,266
DA:695,149
DA:696,149
DA:700,149
DA:701,149
DA:705,511
DA:708,117
DA:709,36
DA:710,36
DA:711,36
DA:712,36
DA:717,753
DA:718,288
DA:719,288
DA:723,2485
DA:725,1300
DA:726,753
DA:728,270
DA:732,753
DA:733,1989
DA:736,1989
DA:737,31
DA:740,1958
DA:741,531
DA:746,222
DA:747,244
DA:750,244
DA:751,58
DA:754,186
DA:755,169
DA:759,53
DA:767,0
DA:768,0
DA:769,0
DA:770,0
DA:773,0
DA:774,0
DA:775,0
DA:776,0
DA:781,0
DA:782,0
DA:783,0
DA:784,0
DA:789,0
DA:790,0
DA:794,0
DA:795,0
DA:796,0
DA:797,0
DA:802,0
DA:803,0
DA:804,0
DA:805,0
DA:809,0
DA:817,343
DA:820,343
DA:821,7
DA:823,7
DA:824,7
DA:825,7
DA:827,7
DA:831,696
DA:832,336
DA:834,8
DA:835,8
DA:836,8
DA:837,8
DA:841,328
DA:844,328
DA:845,323
DA:846,386
DA:847,391
DA:850,126
DA:854,202
DA:856,14
DA:857,14
DA:860,27
DA:862,14
DA:863,0
DA:864,0
DA:866,14
DA:870,388
DA:871,188
DA:873,0
DA:877,188
DA:878,0
DA:882,298
DA:883,202
DA:886,188
DA:887,298
DA:891,188
DA:892,2
DA:896,298
DA:898,186
DA:899,364
DA:900,93
DA:905,93
DA:906,93
DA:907,93
DA:908,169
DA:909,30
DA:910,30
DA:911,30
DA:915,93
DA:917,30
DA:919,45
DA:920,15
DA:923,83
DA:925,30
DA:926,17
DA:932,76
DA:933,64
DA:935,30
DA:937,24
DA:947,52
DA:949,52
DA:952,104
DA:956,104
DA:959,104
DA:960,12
DA:961,12
DA:962,12
DA:967,104
DA:969,52
DA:970,6
DA:973,52
DA:983,246
DA:990,121
DA:992,121
DA:993,1573
DA:994,1573
DA:995,236
DA:1002,1337
DA:1007,1573
DA:1008,121
DA:1015,0
DA:1017,0
DA:1018,0
DA:1021,0
DA:1028,44
DA:1029,44
DA:1036,44
DA:1038,44
DA:1039,11
DA:1042,53
DA:1056,515
DA:1059,515
DA:1061,153
DA:1063,153
DA:1064,0
DA:1065,0
DA:1067,153
DA:1068,153
DA:1070,150
DA:1073,3
DA:1074,3
DA:1076,43
DA:1077,42
DA:1078,42
DA:1080,4
DA:1081,4
DA:1084,312
DA:1085,0
DA:1089,312
DA:1090,0
DA:1094,312
DA:1097,312
DA:1099,61
DA:1100,61
DA:1102,57
DA:1103,57
DA:1105,3
DA:1106,3
DA:1108,111
DA:1109,111
DA:1111,0
DA:1112,0
DA:1113,0
DA:1115,7
DA:1116,7
DA:1118,33
DA:1119,33
DA:1121,19
DA:1122,19
DA:1124,2
DA:1125,2
DA:1127,19
DA:1128,19
DA:1130,0
DA:1131,0
DA:1133,0
DA:1134,0
DA:1140,312
DA:1141,312
DA:1144,312
DA:1145,82
DA:1153,316
DA:1154,316
DA:1155,316
DA:1157,316
DA:1164,209
DA:1165,209
DA:1166,209
DA:1168,209
DA:1176,525
DA:1177,487
DA:1178,487
DA:1179,487
DA:1181,38
DA:1189,561
DA:1191,561
DA:1192,1650
DA:1193,5056
DA:1201,5056
DA:1205,561
DA:1212,17
DA:1214,17
DA:1215,40
DA:1216,112
DA:1225,112
DA:1229,17
DA:1236,836
DA:1245,62
DA:1247,62
DA:1248,208
DA:1250,208
DA:1251,312
DA:1252,312
DA:1256,62
DA:1263,208
DA:1264,208
DA:1266,208
DA:1267,17
DA:1270,191
DA:1273,522
DA:1276,201
DA:1279,321
DA:1280,321
DA:1283,191
DA:1290,185
DA:1291,185
DA:1294,185
DA:1295,44
DA:1296,44
DA:1298,185
DA:1299,185
DA:1306,62
DA:1307,62
DA:1309,62
DA:1310,115
DA:1313,62
DA:1325,7
DA:1327,7
DA:1328,0
DA:1332,7
DA:1333,7
DA:1335,7
DA:1339,7
DA:1340,14
DA:1343,14
DA:1346,7
DA:1347,0
DA:1351,7
DA:1352,14
DA:1353,98
DA:1356,7
DA:1357,7
DA:1359,7
DA:1360,28
DA:1361,14
DA:1362,3
DA:1363,3
DA:1368,7
DA:1369,3
DA:1370,3
DA:1373,28
DA:1374,4
DA:1375,4
DA:1376,4
DA:1379,0
DA:1380,0
DA:1383,0
DA:1386,0
DA:1387,0
DA:1390,0
DA:1393,0
DA:1394,0
DA:1395,0
DA:1398,0
DA:1399,0
DA:1400,0
DA:1403,0
DA:1404,0
DA:1406,0
DA:1408,0
DA:1409,0
DA:1410,0
DA:1411,0
DA:1412,0
DA:1413,0
DA:1417,0
DA:1420,0
DA:1421,0
DA:1422,0
DA:1423,0
DA:1426,0
DA:1427,0
DA:1428,0
DA:1429,0
DA:1438,16
DA:1441,16
DA:1443,7
DA:1445,14
DA:1450,7
DA:1451,7
DA:1452,7
DA:1453,7
DA:1457,19
DA:1458,1
DA:1462,9
DA:1463,19
DA:1464,9
DA:1467,9
DA:1468,9
DA:1471,9
DA:1474,9
DA:1479,9
DA:1480,133
DA:1483,9
DA:1484,9
DA:1487,9
DA:1488,19
DA:1489,19
DA:1491,19
DA:1492,12
DA:1493,12
DA:1495,24
DA:1500,12
DA:1501,12
DA:1504,9
DA:1509,0
DA:1510,0
DA:1513,0
DA:1514,0
DA:1517,0
DA:1518,0
DA:1519,0
DA:1521,0
DA:1522,0
DA:1523,0
DA:1525,0
DA:1529,0
DA:1530,0
DA:1535,0
DA:1536,0
DA:1537,0
DA:1538,0
DA:1542,0
DA:1543,0
DA:1544,0
DA:1546,0
DA:1549,0
DA:1550,0
DA:1553,0
DA:1554,0
DA:1556,0
DA:1569,17
DA:1570,44
DA:1572,44
DA:1576,44
DA:1578,44
DA:1579,16
DA:1591,44
DA:1596,44
DA:1597,44
DA:1598,32
DA:1617,44
DA:1618,0
DA:1619,0
DA:1622,44
DA:1640,17
DA:1641,17
DA:1642,17
DA:1643,6
DA:1654,17
DA:1665,17
DA:1668,17
DA:1676,15
DA:1686,2
DA:1690,17
DA:1697,146
DA:1700,146
DA:1701,146
DA:1702,146
DA:1703,146
DA:1704,146
DA:1705,146
DA:1706,146
DA:1707,146
DA:1708,146
DA:1712,146
DA:1713,47
DA:1714,133
DA:1717,133
DA:1719,133
DA:1722,72
DA:1723,72
DA:1724,72
DA:1725,72
DA:1726,72
DA:1728,0
DA:1733,133
DA:1734,133
DA:1738,146
DA:1739,146
DA:1740,0
DA:1744,146
DA:1746,146
DA:1753,146
DA:1770,146
DA:1774,52
LF:629
LH:501
BRDA:75,0,0,99
BRDA:76,1,0,112
BRDA:77,2,0,112
BRDA:78,3,0,99
BRDA:79,4,0,0
BRDA:80,5,0,99
BRDA:81,6,0,0
BRDA:82,7,0,101
BRDA:83,8,0,252
BRDA:84,9,0,252
BRDA:86,10,0,252
BRDA:68,11,0,398
BRDA:68,11,1,398
BRDA:106,12,0,0
BRDA:120,13,0,398
BRDA:129,14,0,398
BRDA:164,15,0,398
BRDA:164,15,1,398
BRDA:166,16,0,17
BRDA:166,16,1,19
BRDA:166,16,2,351
BRDA:166,16,3,379
BRDA:196,17,0,353
BRDA:196,18,0,398
BRDA:196,18,1,398
BRDA:205,19,0,327
BRDA:205,19,1,146
BRDA:212,20,0,382
BRDA:212,20,1,91
BRDA:238,21,0,0
BRDA:238,22,0,8
BRDA:238,22,1,0
BRDA:287,23,0,18
BRDA:287,23,1,17
BRDA:296,24,0,55
BRDA:302,25,0,252
BRDA:302,26,0,252
BRDA:302,26,1,252
BRDA:368,27,0,1866
BRDA:400,28,0,513
BRDA:400,28,1,513
BRDA:409,29,0,1168
BRDA:409,29,1,1168
BRDA:409,29,2,1115
BRDA:409,29,3,143
BRDA:409,29,4,21
BRDA:421,30,0,0
BRDA:427,31,0,1520
BRDA:440,32,0,3316
BRDA:440,32,1,1597
BRDA:448,33,0,1058
BRDA:448,34,0,1564
BRDA:448,34,1,1564
BRDA:465,35,0,15
BRDA:470,36,0,14
BRDA:470,37,0,38
BRDA:470,37,1,25
BRDA:477,38,0,0
BRDA:477,39,0,0
BRDA:477,39,1,0
BRDA:488,40,0,0
BRDA:488,41,0,9
BRDA:488,41,1,9
BRDA:500,42,0,0
BRDA:514,43,0,0
BRDA:526,44,0,0
BRDA:526,45,0,0
BRDA:526,45,1,0
BRDA:531,46,0,0
BRDA:552,47,0,0
BRDA:558,48,0,0
BRDA:558,49,0,42
BRDA:558,49,1,0
BRDA:573,50,0,86
BRDA:573,50,1,0
BRDA:583,51,0,86
BRDA:605,52,0,82
BRDA:614,53,0,27
BRDA:614,53,1,70
BRDA:617,54,0,16
BRDA:617,54,1,54
BRDA:620,55,0,14
BRDA:620,55,1,40
BRDA:623,56,0,13
BRDA:630,57,0,0
BRDA:634,58,0,0
BRDA:638,59,0,0
BRDA:649,60,0,42
BRDA:649,60,1,27
BRDA:649,60,2,16
BRDA:649,60,3,14
BRDA:649,60,4,13
BRDA:649,60,5,12
BRDA:649,60,6,0
BRDA:687,61,0,938
BRDA:687,61,1,193
BRDA:690,62,0,266
BRDA:694,63,0,149
BRDA:700,64,0,149
BRDA:708,65,0,36
BRDA:708,66,0,117
BRDA:708,66,1,117
BRDA:711,67,0,36
BRDA:717,68,0,288
BRDA:718,69,0,288
BRDA:718,69,1,0
BRDA:723,70,0,2485
BRDA:723,70,1,1607
BRDA:725,71,0,753
BRDA:725,71,1,270
BRDA:726,72,0,270
BRDA:728,73,0,261
BRDA:728,73,1,9
BRDA:736,74,0,31
BRDA:736,75,0,1989
BRDA:736,75,1,666
BRDA:736,75,2,31
BRDA:740,76,0,531
BRDA:740,77,0,1958
BRDA:740,77,1,635
BRDA:750,78,0,58
BRDA:750,79,0,244
BRDA:750,79,1,229
BRDA:750,79,2,58
BRDA:754,80,0,169
BRDA:754,81,0,186
BRDA:754,81,1,171
BRDA:765,82,0,0
BRDA:767,83,0,0
BRDA:768,84,0,0
BRDA:768,84,1,0
BRDA:773,85,0,0
BRDA:775,86,0,0
BRDA:775,87,0,0
BRDA:775,87,1,0
BRDA:781,88,0,0
BRDA:781,89,0,0
BRDA:781,89,1,0
BRDA:783,90,0,0
BRDA:783,91,0,0
BRDA:783,91,1,0
BRDA:789,92,0,0
BRDA:796,93,0,0
BRDA:796,94,0,0
BRDA:796,94,1,0
BRDA:804,95,0,0
BRDA:804,96,0,0
BRDA:804,96,1,0
BRDA:820,97,0,7
BRDA:821,98,0,7
BRDA:821,99,0,7
BRDA:821,99,1,7
BRDA:832,100,0,8
BRDA:841,101,0,328
BRDA:841,101,1,8
BRDA:844,102,0,126
BRDA:850,103,0,126
BRDA:850,103,1,125
BRDA:850,103,2,63
BRDA:854,104,0,14
BRDA:856,105,0,13
BRDA:856,105,1,0
BRDA:862,106,0,0
BRDA:871,107,0,0
BRDA:871,108,0,188
BRDA:871,108,1,0
BRDA:877,109,0,0
BRDA:887,110,0,298
BRDA:887,110,1,298
BRDA:887,110,2,298
BRDA:891,111,0,2
BRDA:891,112,0,188
BRDA:891,112,1,188
BRDA:891,112,2,180
BRDA:899,113,0,93
BRDA:908,114,0,30
BRDA:908,115,0,169
BRDA:908,115,1,157
BRDA:908,115,2,140
BRDA:915,116,0,30
BRDA:919,117,0,15
BRDA:923,118,0,83
BRDA:923,118,1,43
BRDA:925,119,0,17
BRDA:932,120,0,30
BRDA:933,121,0,64
BRDA:933,121,1,64
BRDA:935,122,0,24
BRDA:952,123,0,12
BRDA:952,123,1,92
BRDA:959,124,0,12
BRDA:969,125,0,6
BRDA:1017,126,0,0
BRDA:1017,127,0,0
BRDA:1017,127,1,0
BRDA:1035,128,0,44
BRDA:1038,129,0,11
BRDA:1056,130,0,285
BRDA:1056,130,1,230
BRDA:1059,131,0,153
BRDA:1059,131,1,3
BRDA:1059,131,2,43
BRDA:1059,131,3,4
BRDA:1063,132,0,0
BRDA:1063,133,0,153
BRDA:1063,133,1,153
BRDA:1067,134,0,153
BRDA:1080,135,0,4
BRDA:1080,135,1,0
BRDA:1084,136,0,0
BRDA:1084,137,0,312
BRDA:1084,137,1,246
BRDA:1089,138,0,0
BRDA:1097,139,0,61
BRDA:1097,139,1,57
BRDA:1097,139,2,3
BRDA:1097,139,3,111
BRDA:1097,139,4,0
BRDA:1097,139,5,7
BRDA:1097,139,6,33
BRDA:1097,139,7,19
BRDA:1097,139,8,2
BRDA:1097,139,9,19
BRDA:1097,139,10,0
BRDA:1097,139,11,0
BRDA:1140,140,0,312
BRDA:1140,140,1,307
BRDA:1144,141,0,82
BRDA:1152,142,0,21
BRDA:1165,143,0,167
BRDA:1165,143,1,42
BRDA:1176,144,0,487
BRDA:1176,144,1,38
BRDA:1197,145,0,3357
BRDA:1197,145,1,1699
BRDA:1220,146,0,75
BRDA:1220,146,1,37
BRDA:1236,147,0,836
BRDA:1236,147,1,52
BRDA:1251,148,0,312
BRDA:1251,148,1,115
BRDA:1262,149,0,0
BRDA:1266,150,0,17
BRDA:1266,151,0,208
BRDA:1266,151,1,208
BRDA:1273,152,0,201
BRDA:1273,153,0,522
BRDA:1273,153,1,420
BRDA:1273,153,2,322
BRDA:1279,154,0,321
BRDA:1279,154,1,312
BRDA:1289,155,0,0
BRDA:1289,156,0,124
BRDA:1294,157,0,44
BRDA:1294,158,0,185
BRDA:1294,158,1,61
BRDA:1327,159,0,0
BRDA:1333,160,0,7
BRDA:1335,161,0,7
BRDA:1335,161,1,0
BRDA:1346,162,0,0
BRDA:1361,163,0,3
BRDA:1368,164,0,3
BRDA:1368,164,1,4
BRDA:1386,165,0,0
BRDA:1411,166,0,0
BRDA:1420,167,0,0
BRDA:1420,167,1,0
BRDA:1441,168,0,7
BRDA:1468,169,0,9
BRDA:1474,170,0,9
BRDA:1474,170,1,0
BRDA:1491,171,0,12
BRDA:1521,172,0,0
BRDA:1536,173,0,0
BRDA:1542,174,0,0
BRDA:1542,175,0,0
BRDA:1542,175,1,0
BRDA:1544,176,0,0
BRDA:1578,177,0,16
BRDA:1583,178,0,16
BRDA:1583,178,1,0
BRDA:1597,179,0,16
BRDA:1617,180,0,0
BRDA:1617,181,0,44
BRDA:1617,181,1,0
BRDA:1617,181,2,0
BRDA:1641,182,0,17
BRDA:1682,183,0,14
BRDA:1682,183,1,3
BRDA:1700,184,0,146
BRDA:1707,185,0,146
BRDA:1707,185,1,0
BRDA:1712,186,0,47
BRDA:1712,187,0,146
BRDA:1712,187,1,146
BRDA:1712,187,2,146
BRDA:1719,188,0,72
BRDA:1719,189,0,133
BRDA:1719,189,1,78
BRDA:1719,189,2,78
BRDA:1722,190,0,72
BRDA:1722,191,0,72
BRDA:1722,191,1,72
BRDA:1738,192,0,146
BRDA:1738,192,1,0
BRDA:1739,193,0,0
BRDA:1739,194,0,146
BRDA:1739,194,1,146
BRDA:1739,194,2,146
BRDA:1744,195,0,146
BRDA:1744,195,1,99
BRDA:1746,196,0,146
BRDA:1746,196,1,127
BRDA:1749,197,0,8
BRDA:1749,197,1,8
BRDA:1766,198,0,99
BRDA:1766,198,1,47
BRF:318
BRH:234
end_of_record
TN:
SF:src/engine/actions/allInAction.ts
FN:7,(anonymous_1)
FN:9,(anonymous_2)
FN:18,(anonymous_3)
FNF:3
FNH:3
FNDA:12,(anonymous_1)
FNDA:7,(anonymous_2)
FNDA:3,(anonymous_3)
DA:1,52
DA:3,52
DA:7,12
DA:10,7
DA:11,5
DA:13,5
DA:14,1
DA:15,4
DA:19,3
DA:23,52
LF:10
LH:10
BRDA:13,0,0,1
BRF:1
BRH:1
end_of_record
TN:
SF:src/engine/actions/baseAction.ts
FN:9,(anonymous_0)
FN:13,(anonymous_1)
FN:30,(anonymous_2)
FN:41,(anonymous_3)
FN:47,(anonymous_4)
FN:52,(anonymous_5)
FN:62,(anonymous_6)
FN:68,(anonymous_7)
FN:74,(anonymous_8)
FN:80,(anonymous_9)
FN:86,(anonymous_10)
FN:92,(anonymous_11)
FNF:12
FNH:11
FNDA:5944,(anonymous_0)
FNDA:1102,(anonymous_1)
FNDA:309,(anonymous_2)
FNDA:68,(anonymous_3)
FNDA:251,(anonymous_4)
FNDA:183,(anonymous_5)
FNDA:0,(anonymous_6)
FNDA:328,(anonymous_7)
FNDA:236,(anonymous_8)
FNDA:205,(anonymous_9)
FNDA:645,(anonymous_10)
FNDA:86,(anonymous_11)
DA:1,52
DA:5,52
DA:8,5944
DA:9,5944
DA:14,1102
DA:15,959
DA:16,959
DA:19,766
DA:20,1
DA:24,765
DA:25,765
DA:27,760
DA:31,309
DA:32,307
DA:34,307
DA:35,307
DA:42,68
DA:43,2
DA:48,251
DA:49,251
DA:53,183
DA:54,183
DA:55,183
DA:56,138
DA:57,138
DA:59,183
DA:63,0
DA:64,0
DA:69,328
DA:70,87
DA:75,236
DA:76,31
DA:81,205
DA:82,24
DA:87,645
DA:88,377
DA:93,86
DA:94,9
DA:99,52
LF:39
LH:37
BRDA:14,0,0,959
BRDA:16,1,0,336
BRDA:19,2,0,1
BRDA:19,3,0,766
BRDA:19,3,1,6
BRDA:25,4,0,5
BRDA:31,5,0,2
BRDA:36,6,0,7
BRDA:36,6,1,300
BRDA:36,7,0,307
BRDA:36,7,1,7
BRDA:42,8,0,2
BRDA:49,9,0,35
BRDA:52,10,0,1
BRDA:55,11,0,138
BRDA:62,12,0,0
BRDA:69,13,0,87
BRDA:75,14,0,31
BRDA:81,15,0,24
BRDA:87,16,0,377
BRDA:93,17,0,9
BRF:21
BRH:20
end_of_record
TN:
SF:src/engine/actions/betAction.ts
FN:7,(anonymous_1)
FN:11,(anonymous_2)
FN:34,(anonymous_3)
FNF:3
FNH:3
FNDA:190,(anonymous_1)
FNDA:134,(anonymous_2)
FNDA:16,(anonymous_3)
DA:1,52
DA:3,52
DA:8,190
DA:13,134
DA:16,87
DA:17,65
DA:18,57
DA:20,51
DA:23,51
DA:24,51
DA:25,51
DA:27,51
DA:28,36
DA:31,15
DA:36,16
DA:37,2
DA:40,14
DA:43,14
DA:47,52
LF:19
LH:19
BRDA:27,0,0,36
BRDA:36,1,0,2
BRF:2
BRH:2
end_of_record
TN:
SF:src/engine/actions/bigBlindAction.ts
FN:7,(anonymous_1)
FN:11,(anonymous_2)
FN:26,(anonymous_3)
FN:32,(anonymous_4)
FN:41,(anonymous_5)
FNF:5
FNH:5
FNDA:151,(anonymous_1)
FNDA:124,(anonymous_2)
FNDA:31,(anonymous_3)
FNDA:20,(anonymous_4)
FNDA:1,(anonymous_5)
DA:1,52
DA:3,52
DA:8,151
DA:13,124
DA:16,107
DA:19,36
DA:20,36
DA:21,22
DA:25,14
DA:26,31
DA:27,14
DA:28,8
DA:32,20
DA:33,6
DA:34,1
DA:38,5
DA:42,1
DA:46,52
LF:18
LH:18
BRDA:20,0,0,22
BRDA:27,1,0,8
BRDA:33,2,0,1
BRF:3
BRH:3
end_of_record
TN:
SF:src/engine/actions/callAction.ts
FN:7,(anonymous_1)
FN:11,(anonymous_2)
FN:49,(anonymous_3)
FNF:3
FNH:3
FNDA:223,(anonymous_1)
FNDA:126,(anonymous_2)
FNDA:33,(anonymous_3)
DA:1,52
DA:3,52
DA:8,223
DA:13,126
DA:16,79
DA:17,58
DA:18,51
DA:20,45
DA:22,45
DA:23,45
DA:24,45
DA:26,45
DA:27,7
DA:30,38
DA:31,38
DA:33,5
DA:37,33
DA:39,33
DA:42,0
DA:46,33
DA:51,33
DA:52,0
DA:55,33
DA:58,33
DA:62,52
LF:25
LH:23
BRDA:26,0,0,7
BRDA:31,1,0,5
BRDA:39,2,0,0
BRDA:51,3,0,0
BRF:4
BRH:2
end_of_record
TN:
SF:src/engine/actions/checkAction.ts
FN:7,(anonymous_1)
FN:11,(anonymous_2)
FN:40,(anonymous_3)
FNF:3
FNH:3
FNDA:287,(anonymous_1)
FNDA:126,(anonymous_2)
FNDA:114,(anonymous_3)
DA:1,52
DA:3,52
DA:8,287
DA:13,126
DA:16,77
DA:17,55
DA:18,47
DA:20,41
DA:23,41
DA:24,41
DA:25,41
DA:27,41
DA:28,7
DA:31,34
DA:32,34
DA:34,4
DA:37,30
DA:42,114
DA:43,1
DA:46,113
DA:50,52
LF:21
LH:21
BRDA:27,0,0,7
BRDA:32,1,0,4
BRDA:42,2,0,1
BRF:3
BRH:3
end_of_record
TN:
SF:src/engine/actions/dealAction.ts
FN:7,(anonymous_1)
FN:11,(anonymous_2)
FN:22,(anonymous_3)
FN:40,(anonymous_4)
FN:46,(anonymous_5)
FN:54,(anonymous_6)
FNF:6
FNH:6
FNDA:157,(anonymous_1)
FNDA:181,(anonymous_2)
FNDA:248,(anonymous_3)
FNDA:199,(anonymous_4)
FNDA:226,(anonymous_5)
FNDA:50,(anonymous_6)
DA:1,52
DA:3,52
DA:8,157
DA:14,181
DA:15,38
DA:19,143
DA:22,248
DA:23,143
DA:24,52
DA:28,91
DA:31,90
DA:32,90
DA:33,1
DA:37,89
DA:40,199
DA:41,89
DA:42,23
DA:46,226
DA:47,66
DA:48,5
DA:51,61
DA:56,50
DA:59,48
DA:62,48
DA:70,52
LF:25
LH:25
BRDA:14,0,0,38
BRDA:22,1,0,248
BRDA:22,1,1,248
BRDA:23,2,0,52
BRDA:32,3,0,1
BRDA:41,4,0,23
BRDA:47,5,0,5
BRF:7
BRH:7
end_of_record
TN:
SF:src/engine/actions/foldAction.ts
FN:7,(anonymous_1)
FN:20,(anonymous_2)
FN:49,(anonymous_3)
FN:61,(anonymous_4)
FNF:4
FNH:4
FNDA:207,(anonymous_1)
FNDA:133,(anonymous_2)
FNDA:7,(anonymous_3)
FNDA:77,(anonymous_4)
DA:1,52
DA:2,52
DA:7,207
DA:22,133
DA:24,86
DA:26,1
DA:29,85
DA:31,77
DA:33,3
DA:39,74
DA:51,7
DA:54,7
DA:57,7
DA:58,7
DA:63,77
DA:64,77
DA:68,52
LF:17
LH:17
BRDA:24,0,0,1
BRDA:31,1,0,3
BRDA:64,2,0,77
BRDA:64,2,1,3
BRF:4
BRH:4
end_of_record
TN:
SF:src/engine/actions/forfeitAndLeaveAction.ts
FN:12,(anonymous_1)
FN:17,(anonymous_2)
FN:23,(anonymous_3)
FNF:3
FNH:2
FNDA:0,(anonymous_1)
FNDA:3,(anonymous_2)
FNDA:3,(anonymous_3)
DA:1,52
DA:2,52
DA:13,0
DA:19,3
DA:24,3
DA:27,3
DA:28,3
DA:29,3
DA:30,3
DA:32,3
DA:36,3
DA:37,3
DA:40,3
DA:41,0
DA:43,0
DA:46,0
DA:54,3
DA:57,3
DA:60,3
DA:69,52
LF:20
LH:16
BRDA:37,0,0,3
BRDA:37,0,1,3
BRDA:40,1,0,0
BRDA:40,2,0,3
BRDA:40,2,1,0
BRF:5
BRH:3
end_of_record
TN:
SF:src/engine/actions/index.ts
FNF:0
FNH:0
DA:1,52
DA:2,52
DA:3,52
DA:4,52
DA:5,52
DA:6,52
DA:7,52
DA:8,52
DA:9,52
DA:10,52
DA:11,52
DA:12,52
DA:13,52
DA:14,52
DA:15,52
DA:16,52
DA:17,52
DA:21,52
DA:22,52
DA:23,52
DA:24,52
DA:25,52
DA:26,52
DA:27,52
DA:28,52
DA:29,52
DA:30,52
DA:31,52
DA:32,52
DA:33,52
DA:34,52
DA:35,52
DA:36,52
DA:37,52
DA:41,52
LF:35
LH:35
BRF:0
BRH:0
end_of_record
TN:
SF:src/engine/actions/joinAction.ts
FN:7,(anonymous_1)
FN:12,(anonymous_2)
FN:25,(anonymous_3)
FN:57,(anonymous_4)
FNF:4
FNH:4
FNDA:1,(anonymous_1)
FNDA:184,(anonymous_2)
FNDA:182,(anonymous_3)
FNDA:171,(anonymous_4)
DA:1,52
DA:2,52
DA:8,1
DA:13,184
DA:14,4
DA:18,180
DA:27,182
DA:30,179
DA:31,179
DA:32,4
DA:35,175
DA:36,4
DA:40,171
DA:41,164
DA:42,164
DA:45,164
DA:60,171
DA:62,0
DA:65,0
DA:66,0
DA:69,0
DA:70,0
DA:73,171
DA:74,171
DA:76,171
DA:77,165
DA:79,6
DA:84,165
DA:85,1
DA:88,164
DA:92,52
LF:31
LH:26
BRDA:13,0,0,4
BRDA:30,1,0,179
BRDA:30,1,1,1
BRDA:31,2,0,4
BRDA:31,3,0,179
BRDA:31,3,1,176
BRDA:35,4,0,4
BRDA:60,5,0,0
BRDA:60,5,1,171
BRDA:60,6,0,171
BRDA:60,6,1,171
BRDA:60,6,2,171
BRDA:65,7,0,0
BRDA:76,8,0,165
BRDA:76,8,1,6
BRDA:76,9,0,171
BRDA:76,9,1,165
BRDA:84,10,0,1
BRDA:84,11,0,165
BRDA:84,11,1,164
BRDA:84,11,2,164
BRF:21
BRH:19
end_of_record
TN:
SF:src/engine/actions/leaveAction.ts
FN:7,(anonymous_1)
FN:12,(anonymous_2)
FN:33,(anonymous_3)
FNF:3
FNH:3
FNDA:1,(anonymous_1)
FNDA:26,(anonymous_2)
FNDA:13,(anonymous_3)
DA:1,52
DA:2,52
DA:8,1
DA:17,26
DA:18,26
DA:19,26
DA:22,26
DA:23,1
DA:29,25
DA:34,13
DA:37,13
DA:38,13
DA:40,13
DA:41,13
DA:43,13
DA:45,13
DA:48,13
DA:57,52
LF:18
LH:18
BRDA:19,0,0,26
BRDA:19,0,1,19
BRDA:22,1,0,1
BRDA:22,2,0,26
BRDA:22,2,1,11
BRF:5
BRH:5
end_of_record
TN:
SF:src/engine/actions/muckAction.ts
FN:7,(anonymous_1)
FN:9,(anonymous_2)
FN:20,(anonymous_3)
FN:30,(anonymous_4)
FNF:4
FNH:4
FNDA:209,(anonymous_1)
FNDA:137,(anonymous_2)
FNDA:8,(anonymous_3)
FNDA:8,(anonymous_4)
DA:1,52
DA:3,52
DA:7,209
DA:11,137
DA:13,88
DA:15,19
DA:16,7
DA:19,12
DA:20,8
DA:21,4
DA:22,1
DA:26,11
DA:32,8
DA:35,7
DA:38,7
DA:42,52
LF:16
LH:16
BRDA:15,0,0,7
BRDA:19,1,0,4
BRDA:21,2,0,1
BRF:3
BRH:3
end_of_record
TN:
SF:src/engine/actions/newHandAction.ts
FN:8,(anonymous_1)
FN:10,(anonymous_2)
FN:15,(anonymous_3)
FN:26,(anonymous_4)
FNF:4
FNH:4
FNDA:24,(anonymous_1)
FNDA:427,(anonymous_2)
FNDA:143,(anonymous_3)
FNDA:16,(anonymous_4)
DA:1,52
DA:3,52
DA:8,24
DA:10,427
DA:11,427
DA:12,427
DA:16,143
DA:17,102
DA:20,41
DA:28,16
DA:30,15
DA:31,2
DA:34,13
DA:37,13
DA:38,9
DA:39,9
DA:40,9
DA:43,4
DA:44,2
DA:45,2
DA:47,2
DA:50,2
DA:55,52
LF:23
LH:23
BRDA:16,0,0,102
BRDA:30,1,0,2
BRDA:30,2,0,15
BRDA:30,2,1,14
BRDA:37,3,0,9
BRDA:37,3,1,4
BRDA:38,4,0,9
BRDA:38,4,1,0
BRDA:43,5,0,2
BRDA:43,5,1,2
BRDA:45,6,0,2
BRDA:45,6,1,0
BRF:12
BRH:10
end_of_record
TN:
SF:src/engine/actions/raiseAction.ts
FN:7,(anonymous_1)
FN:24,(anonymous_2)
FN:70,(anonymous_3)
FNF:3
FNH:3
FNDA:215,(anonymous_1)
FNDA:127,(anonymous_2)
FNDA:19,(anonymous_3)
DA:1,52
DA:3,52
DA:8,215
DA:26,127
DA:29,78
DA:30,57
DA:31,50
DA:33,44
DA:36,44
DA:37,44
DA:38,44
DA:40,44
DA:41,6
DA:44,38
DA:48,38
DA:51,38
DA:54,38
DA:56,38
DA:58,1
DA:64,37
DA:72,19
DA:73,0
DA:76,19
DA:79,19
DA:83,52
LF:25
LH:24
BRDA:40,0,0,6
BRDA:56,1,0,1
BRDA:72,2,0,0
BRF:3
BRH:2
end_of_record
TN:
SF:src/engine/actions/raiseToAction.ts
FN:8,(anonymous_1)
FN:25,(anonymous_2)
FN:87,(anonymous_3)
FNF:3
FNH:0
FNDA:0,(anonymous_1)
FNDA:0,(anonymous_2)
FNDA:0,(anonymous_3)
DA:1,0
DA:3,0
DA:5,0
DA:9,0
DA:27,0
DA:30,0
DA:31,0
DA:32,0
DA:35,0
DA:36,0
DA:40,0
DA:42,0
DA:43,0
DA:44,0
DA:45,0
DA:46,0
DA:49,0
DA:50,0
DA:53,0
DA:54,0
DA:55,0
DA:56,0
DA:64,0
DA:70,0
DA:71,0
DA:73,0
DA:75,0
DA:81,0
DA:89,0
DA:90,0
DA:93,0
DA:96,0
DA:100,0
LF:33
LH:0
BRDA:31,0,0,0
BRDA:35,1,0,0
BRDA:44,2,0,0
BRDA:49,3,0,0
BRDA:49,4,0,0
BRDA:49,4,1,0
BRDA:49,4,2,0
BRDA:49,4,3,0
BRDA:55,5,0,0
BRDA:73,6,0,0
BRDA:89,7,0,0
BRF:11
BRH:0
end_of_record
TN:
SF:src/engine/actions/showAction.ts
FN:7,(anonymous_1)
FN:9,(anonymous_2)
FN:26,(anonymous_3)
FNF:3
FNH:3
FNDA:244,(anonymous_1)
FNDA:164,(anonymous_2)
FNDA:30,(anonymous_3)
DA:1,52
DA:3,52
DA:7,244
DA:11,164
DA:13,115
DA:14,115
DA:15,8
DA:16,1
DA:20,114
DA:22,45
DA:28,30
DA:31,29
DA:34,29
DA:38,52
LF:14
LH:14
BRDA:14,0,0,8
BRDA:15,1,0,1
BRF:2
BRH:2
end_of_record
TN:
SF:src/engine/actions/sitInAction.ts
FN:7,(anonymous_1)
FN:19,(anonymous_2)
FN:34,(anonymous_3)
FNF:3
FNH:3
FNDA:1,(anonymous_1)
FNDA:154,(anonymous_2)
FNDA:14,(anonymous_3)
DA:1,52
DA:2,52
DA:7,1
DA:20,154
DA:21,126
DA:24,28
DA:36,14
DA:39,13
DA:42,13
DA:43,13
DA:47,52
LF:11
LH:11
BRDA:20,0,0,126
BRF:1
BRH:1
end_of_record
TN:
SF:src/engine/actions/sitOutAction.ts
FN:7,(anonymous_1)
FN:20,(anonymous_2)
FN:37,(anonymous_3)
FNF:3
FNH:3
FNDA:131,(anonymous_1)
FNDA:167,(anonymous_2)
FNDA:18,(anonymous_3)
DA:1,52
DA:2,52
DA:7,131
DA:21,167
DA:22,30
DA:25,137
DA:27,42
DA:39,18
DA:42,16
DA:45,16
DA:46,16
DA:50,52
LF:12
LH:12
BRDA:21,0,0,30
BRF:1
BRH:1
end_of_record
TN:
SF:src/engine/actions/smallBlindAction.ts
FN:7,(anonymous_1)
FN:22,(anonymous_2)
FN:42,(anonymous_3)
FN:55,(anonymous_4)
FNF:4
FNH:4
FNDA:162,(anonymous_1)
FNDA:124,(anonymous_2)
FNDA:44,(anonymous_3)
FNDA:1,(anonymous_4)
DA:1,52
DA:3,52
DA:7,162
DA:24,124
DA:27,107
DA:29,36
DA:30,1
DA:34,35
DA:35,35
DA:36,16
DA:39,19
DA:42,44
DA:43,19
DA:44,6
DA:48,13
DA:56,1
DA:60,52
LF:17
LH:17
BRDA:29,0,0,1
BRDA:35,1,0,16
BRDA:43,2,0,6
BRF:3
BRH:3
end_of_record
TN:
SF:src/engine/actions/sitAndGo/joinAction.ts
FN:8,(anonymous_1)
FN:13,(anonymous_2)
FN:31,(anonymous_3)
FN:62,(anonymous_4)
FNF:4
FNH:0
FNDA:0,(anonymous_1)
FNDA:0,(anonymous_2)
FNDA:0,(anonymous_3)
FNDA:0,(anonymous_4)
DA:1,52
DA:2,52
DA:5,52
DA:9,0
DA:19,0
DA:20,0
DA:24,0
DA:33,0
DA:36,0
DA:37,0
DA:38,0
DA:42,0
DA:43,0
DA:46,0
DA:47,0
DA:48,0
DA:51,0
DA:63,0
DA:64,0
DA:68,0
DA:73,0
DA:74,0
DA:76,0
DA:77,0
DA:83,0
DA:85,0
DA:89,0
DA:90,0
DA:93,0
DA:97,52
LF:30
LH:4
BRDA:19,0,0,0
BRDA:36,1,0,0
BRDA:36,1,1,0
BRDA:37,2,0,0
BRDA:37,3,0,0
BRDA:37,3,1,0
BRDA:63,4,0,0
BRDA:76,5,0,0
BRDA:76,6,0,0
BRDA:76,6,1,0
BRDA:83,7,0,0
BRDA:89,8,0,0
BRDA:89,9,0,0
BRDA:89,9,1,0
BRDA:89,9,2,0
BRDA:89,9,3,0
BRF:16
BRH:0
end_of_record
TN:
SF:src/engine/actions/sitAndGo/leaveAction.ts
FN:8,(anonymous_1)
FN:13,(anonymous_2)
FN:26,(anonymous_3)
FNF:3
FNH:0
FNDA:0,(anonymous_1)
FNDA:0,(anonymous_2)
FNDA:0,(anonymous_3)
DA:1,0
DA:2,0
DA:5,0
DA:9,0
DA:14,0
DA:15,0
DA:18,0
DA:19,0
DA:22,0
DA:27,0
DA:30,0
DA:31,0
DA:33,0
DA:34,0
DA:35,0
DA:36,0
DA:38,0
DA:41,0
DA:50,0
LF:19
LH:0
BRDA:14,0,0,0
BRDA:18,1,0,0
BRF:2
BRH:0
end_of_record
TN:
SF:src/engine/managers/betManager.ts
FN:18,(anonymous_0)
FN:24,(anonymous_1)
FN:36,(anonymous_2)
FN:49,(anonymous_3)
FN:50,(anonymous_4)
FN:56,(anonymous_5)
FN:61,(anonymous_6)
FN:70,(anonymous_7)
FN:79,(anonymous_8)
FN:89,(anonymous_9)
FN:93,(anonymous_10)
FN:97,(anonymous_11)
FN:109,(anonymous_12)
FN:155,(anonymous_13)
FN:156,(anonymous_14)
FN:168,(anonymous_15)
FN:170,(anonymous_16)
FN:183,(anonymous_17)
FN:193,(anonymous_18)
FNF:19
FNH:19
FNDA:402,(anonymous_0)
FNDA:1505,(anonymous_1)
FNDA:634,(anonymous_2)
FNDA:402,(anonymous_3)
FNDA:2019,(anonymous_4)
FNDA:6,(anonymous_5)
FNDA:11,(anonymous_6)
FNDA:7,(anonymous_7)
FNDA:4,(anonymous_8)
FNDA:298,(anonymous_9)
FNDA:47,(anonymous_10)
FNDA:173,(anonymous_11)
FNDA:10,(anonymous_12)
FNDA:3,(anonymous_13)
FNDA:1,(anonymous_14)
FNDA:46,(anonymous_15)
FNDA:97,(anonymous_16)
FNDA:107,(anonymous_17)
FNDA:42,(anonymous_18)
DA:1,53
DA:11,53
DA:13,402
DA:14,402
DA:15,402
DA:19,402
DA:21,402
DA:26,1505
DA:27,1299
DA:29,432
DA:32,867
DA:33,867
DA:34,867
DA:36,867
DA:37,867
DA:38,181
DA:40,686
DA:50,2019
DA:51,402
DA:52,1505
DA:58,6
DA:62,11
DA:63,4
DA:66,7
DA:67,7
DA:71,7
DA:72,5
DA:75,2
DA:76,2
DA:80,4
DA:81,4
DA:82,4
DA:83,3
DA:86,1
DA:90,298
DA:94,47
DA:98,173
DA:100,173
DA:101,307
DA:102,223
DA:106,173
DA:111,10
DA:112,1
DA:115,9
DA:118,9
DA:119,3
DA:123,6
DA:129,5
DA:130,9
DA:131,9
DA:134,3
DA:135,2
DA:139,1
DA:145,2
DA:149,1
DA:156,3
DA:157,3
DA:158,1
DA:160,2
DA:161,2
DA:169,46
DA:170,97
DA:172,46
DA:174,1
DA:177,45
DA:179,5
DA:183,40
DA:184,107
DA:188,40
DA:189,15
DA:193,42
DA:196,25
DA:197,25
DA:198,25
DA:201,25
DA:202,7
DA:205,18
LF:77
LH:77
BRDA:18,0,0,0
BRDA:19,1,0,402
BRDA:19,1,1,185
BRDA:26,2,0,1299
BRDA:26,3,0,1505
BRDA:26,3,1,1505
BRDA:27,4,0,432
BRDA:27,5,0,1299
BRDA:27,5,1,871
BRDA:32,6,0,867
BRDA:32,6,1,692
BRDA:37,7,0,181
BRDA:37,7,1,686
BRDA:62,8,0,4
BRDA:62,9,0,11
BRDA:62,9,1,7
BRDA:67,10,0,7
BRDA:67,10,1,0
BRDA:71,11,0,5
BRDA:71,12,0,7
BRDA:71,12,1,2
BRDA:76,13,0,2
BRDA:76,13,1,0
BRDA:82,14,0,3
BRDA:82,15,0,4
BRDA:82,15,1,2
BRDA:90,16,0,298
BRDA:90,16,1,126
BRDA:101,17,0,223
BRDA:101,18,0,307
BRDA:101,18,1,160
BRDA:106,19,0,173
BRDA:106,19,1,26
BRDA:111,20,0,1
BRDA:118,21,0,3
BRDA:118,22,0,9
BRDA:118,22,1,7
BRDA:123,23,0,5
BRDA:123,24,0,6
BRDA:123,24,1,5
BRDA:123,24,2,2
BRDA:123,24,3,1
BRDA:131,25,0,3
BRDA:131,26,0,9
BRDA:131,26,1,6
BRDA:134,27,0,2
BRDA:134,27,1,1
BRDA:139,28,0,1
BRDA:139,28,1,0
BRDA:145,29,0,2
BRDA:145,29,1,0
BRDA:157,30,0,1
BRDA:161,31,0,2
BRDA:161,31,1,0
BRDA:172,32,0,1
BRDA:177,33,0,5
BRDA:184,34,0,107
BRDA:184,34,1,102
BRDA:188,35,0,15
BRDA:201,36,0,7
BRF:60
BRH:54
end_of_record
TN:
SF:src/engine/managers/blindsManager.ts
FN:15,(anonymous_0)
FN:19,(anonymous_1)
FN:32,(anonymous_2)
FN:38,(anonymous_3)
FN:42,(anonymous_4)
FNF:5
FNH:4
FNDA:379,(anonymous_0)
FNDA:352,(anonymous_1)
FNDA:19,(anonymous_2)
FNDA:0,(anonymous_3)
FNDA:29,(anonymous_4)
DA:12,52
DA:16,379
DA:20,352
DA:27,52
DA:33,19
DA:34,19
DA:35,19
DA:39,0
DA:44,29
DA:45,29
DA:48,0
DA:50,0
DA:51,0
DA:53,0
LF:14
LH:9
BRDA:44,0,0,29
BRF:1
BRH:1
end_of_record
TN:
SF:src/engine/managers/dealerManager.ts
FN:11,(anonymous_0)
FN:18,(anonymous_1)
FN:37,(anonymous_2)
FN:57,(anonymous_3)
FN:65,(anonymous_4)
FN:96,(anonymous_5)
FN:127,(anonymous_6)
FN:132,(anonymous_7)
FN:147,(anonymous_8)
FN:162,(anonymous_9)
FN:180,(anonymous_10)
FN:189,(anonymous_11)
FN:199,(anonymous_12)
FN:203,(anonymous_13)
FN:210,(anonymous_14)
FN:218,(anonymous_15)
FNF:16
FNH:12
FNDA:398,(anonymous_0)
FNDA:4,(anonymous_1)
FNDA:0,(anonymous_2)
FNDA:418,(anonymous_3)
FNDA:574,(anonymous_4)
FNDA:0,(anonymous_5)
FNDA:3,(anonymous_6)
FNDA:4,(anonymous_7)
FNDA:164,(anonymous_8)
FNDA:0,(anonymous_9)
FNDA:418,(anonymous_10)
FNDA:152,(anonymous_11)
FNDA:610,(anonymous_12)
FNDA:0,(anonymous_13)
FNDA:425,(anonymous_14)
FNDA:4,(anonymous_15)
DA:1,52
DA:8,52
DA:12,398
DA:19,4
DA:20,4
DA:23,4
DA:25,4
DA:26,4
DA:27,4
DA:28,4
DA:32,0
DA:33,0
DA:34,0
DA:38,0
DA:41,0
DA:45,0
DA:49,0
DA:51,0
DA:58,418
DA:59,418
DA:66,574
DA:69,574
DA:70,574
DA:71,336
DA:75,574
DA:76,826
DA:77,826
DA:78,551
DA:83,23
DA:84,19
DA:85,19
DA:86,19
DA:90,4
DA:97,0
DA:100,0
DA:101,0
DA:102,0
DA:106,0
DA:107,0
DA:108,0
DA:109,0
DA:114,0
DA:115,0
DA:116,0
DA:117,0
DA:121,0
DA:128,3
DA:131,3
DA:132,4
DA:134,2
DA:135,0
DA:136,2
DA:163,0
DA:165,0
DA:166,0
DA:169,0
DA:170,0
DA:171,0
DA:174,0
DA:181,418
DA:182,418
DA:183,418
DA:190,152
DA:192,152
DA:193,152
DA:200,610
DA:204,0
DA:212,425
DA:219,4
LF:69
LH:39
BRDA:25,0,0,4
BRDA:38,1,0,0
BRDA:38,1,1,0
BRDA:38,1,2,0
BRDA:38,1,3,0
BRDA:38,1,4,0
BRDA:38,1,5,0
BRDA:38,1,6,0
BRDA:38,1,7,0
BRDA:38,1,8,0
BRDA:70,2,0,336
BRDA:77,3,0,551
BRDA:77,4,0,826
BRDA:77,4,1,591
BRDA:85,5,0,19
BRDA:85,6,0,19
BRDA:85,6,1,19
BRDA:101,7,0,0
BRDA:108,8,0,0
BRDA:108,9,0,0
BRDA:108,9,1,0
BRDA:116,10,0,0
BRDA:116,11,0,0
BRDA:116,11,1,0
BRDA:131,12,0,2
BRDA:134,13,0,0
BRDA:134,13,1,2
BRDA:136,14,0,2
BRDA:165,15,0,0
BRDA:170,16,0,0
BRDA:183,17,0,418
BRDA:183,17,1,0
BRDA:193,18,0,148
BRDA:193,18,1,4
BRDA:200,19,0,610
BRDA:200,19,1,58
BRDA:200,19,2,582
BRF:37
BRH:17
end_of_record
TN:
SF:src/engine/managers/index.ts
FN:5,(anonymous_0)
FN:5,(anonymous_1)
FN:5,(anonymous_2)
FN:5,(anonymous_3)
FNF:4
FNH:2
FNDA:185,(anonymous_0)
FNDA:379,(anonymous_1)
FNDA:0,(anonymous_2)
FNDA:0,(anonymous_3)
DA:1,52
DA:2,52
DA:3,52
DA:5,431
LF:4
LH:4
BRF:0
BRH:0
end_of_record
TN:
SF:src/engine/managers/payoutManager.ts
FN:12,(anonymous_0)
FN:19,(anonymous_1)
FN:20,(anonymous_2)
FN:34,(anonymous_3)
FNF:4
FNH:4
FNDA:10,(anonymous_0)
FNDA:5,(anonymous_1)
FNDA:45,(anonymous_2)
FNDA:11,(anonymous_3)
DA:1,52
DA:4,52
DA:12,10
DA:14,10
DA:15,10
DA:16,10
DA:20,45
DA:22,5
DA:23,1
DA:31,4
DA:36,11
DA:37,0
DA:39,0
DA:41,0
DA:43,0
DA:47,11
DA:49,2
DA:51,2
DA:53,2
DA:55,5
LF:20
LH:16
BRDA:22,0,0,1
BRDA:36,1,0,0
BRDA:37,2,0,0
BRDA:37,2,1,0
BRDA:37,2,2,0
BRDA:47,3,0,2
BRDA:47,3,1,2
BRDA:47,3,2,2
BRDA:47,3,3,5
BRF:9
BRH:5
end_of_record
TN:
SF:src/engine/managers/statusManager.ts
FN:10,(anonymous_0)
FN:14,(anonymous_1)
FNF:2
FNH:2
FNDA:6,(anonymous_0)
FNDA:6,(anonymous_1)
DA:1,2
DA:4,2
DA:8,2
DA:10,6
DA:17,6
DA:18,2
DA:19,4
DA:20,3
DA:21,1
DA:22,1
DA:25,0
LF:11
LH:10
BRDA:17,0,0,2
BRDA:17,0,1,4
BRDA:19,1,0,3
BRDA:19,1,1,1
BRDA:19,2,0,4
BRDA:19,2,1,4
BRDA:21,3,0,1
BRF:7
BRH:7
end_of_record
TN:
SF:src/models/deck.ts
FN:20,(anonymous_0)
FN:53,(anonymous_1)
FN:83,(anonymous_2)
FN:87,(anonymous_3)
FN:89,(anonymous_4)
FN:92,(anonymous_5)
FN:98,(anonymous_6)
FN:123,(anonymous_7)
FN:124,(anonymous_8)
FN:129,(anonymous_9)
FN:169,(anonymous_10)
FNF:11
FNH:11
FNDA:424,(anonymous_0)
FNDA:7182,(anonymous_1)
FNDA:501,(anonymous_2)
FNDA:100,(anonymous_3)
FNDA:326,(anonymous_4)
FNDA:7,(anonymous_5)
FNDA:18,(anonymous_6)
FNDA:544,(anonymous_7)
FNDA:28288,(anonymous_8)
FNDA:16090,(anonymous_9)
FNDA:120,(anonymous_10)
DA:1,54
DA:2,54
DA:4,54
DA:15,54
DA:16,424
DA:17,424
DA:18,424
DA:23,424
DA:25,424
DA:26,304
DA:27,304
DA:28,0
DA:31,304
DA:33,304
DA:34,15808
DA:35,282
DA:36,282
DA:39,15808
DA:46,120
DA:49,424
DA:50,424
DA:55,7182
DA:58,7182
DA:67,7182
DA:75,7182
DA:78,7182
DA:80,7182
DA:84,501
DA:88,100
DA:89,326
DA:93,7
DA:99,18
DA:101,18
DA:102,936
DA:105,936
DA:107,936
DA:108,0
DA:111,936
DA:112,18
DA:115,918
DA:119,18
DA:120,18
DA:124,28288
DA:125,544
DA:126,544
DA:130,16090
DA:132,16090
DA:133,0
DA:136,16090
DA:137,16090
DA:141,16090
DA:142,1235
DA:143,1236
DA:144,1237
DA:145,1226
DA:146,1253
DA:147,9903
DA:152,16090
DA:153,4022
DA:154,4036
DA:155,4008
DA:156,4024
DA:158,0
DA:161,16090
DA:170,120
DA:171,120
DA:172,480
DA:174,6240
DA:182,120
LF:69
LH:65
BRDA:23,0,0,304
BRDA:23,0,1,120
BRDA:23,1,0,424
BRDA:23,1,1,305
BRDA:25,2,0,304
BRDA:25,2,1,120
BRDA:27,3,0,0
BRDA:34,4,0,282
BRDA:34,5,0,15808
BRDA:34,5,1,282
BRDA:75,6,0,2765
BRDA:75,6,1,4417
BRDA:107,7,0,0
BRDA:111,8,0,18
BRDA:111,8,1,918
BRDA:132,9,0,0
BRDA:141,10,0,1235
BRDA:141,10,1,1236
BRDA:141,10,2,1237
BRDA:141,10,3,1226
BRDA:141,10,4,1253
BRDA:141,10,5,9903
BRDA:152,11,0,4022
BRDA:152,11,1,4036
BRDA:152,11,2,4008
BRDA:152,11,3,4024
BRDA:152,11,4,0
BRF:27
BRH:23
end_of_record
TN:
SF:src/models/index.ts
FN:4,(anonymous_0)
FN:4,(anonymous_1)
FNF:2
FNH:0
FNDA:0,(anonymous_0)
FNDA:0,(anonymous_1)
DA:1,0
DA:2,0
DA:4,0
LF:3
LH:0
BRF:0
BRH:0
end_of_record
TN:
SF:src/models/player.ts
FN:14,(anonymous_0)
FN:16,(anonymous_1)
FN:29,(anonymous_2)
FN:36,(anonymous_3)
FN:40,(anonymous_4)
FN:46,(anonymous_5)
FN:50,(anonymous_6)
FNF:7
FNH:5
FNDA:19,(anonymous_0)
FNDA:1217,(anonymous_1)
FNDA:8,(anonymous_2)
FNDA:282,(anonymous_3)
FNDA:312,(anonymous_4)
FNDA:0,(anonymous_5)
FNDA:0,(anonymous_6)
DA:1,52
DA:5,52
DA:6,1217
DA:10,1217
DA:12,1217
DA:14,19
DA:17,1217
DA:23,1217
DA:24,1217
DA:25,1217
DA:26,1217
DA:30,8
DA:31,8
DA:32,8
DA:33,8
DA:37,282
DA:41,312
DA:42,312
DA:43,312
DA:47,0
DA:51,0
LF:21
LH:19
BRF:0
BRH:0
end_of_record
TN:
SF:src/state/cosmos/config.ts
FN:52,(anonymous_0)
FNF:1
FNH:0
FNDA:0,(anonymous_0)
DA:15,0
DA:27,0
DA:39,0
DA:52,0
DA:53,0
DA:55,0
DA:57,0
DA:59,0
DA:62,0
LF:9
LH:0
BRDA:40,0,0,0
BRDA:40,0,1,0
BRDA:41,1,0,0
BRDA:41,1,1,0
BRDA:42,2,0,0
BRDA:42,2,1,0
BRDA:43,3,0,0
BRDA:43,3,1,0
BRDA:44,4,0,0
BRDA:44,4,1,0
BRDA:45,5,0,0
BRDA:45,5,1,0
BRDA:53,6,0,0
BRDA:53,6,1,0
BRDA:55,7,0,0
BRDA:55,7,1,0
BRDA:55,7,2,0
BRDA:55,7,3,0
BRF:18
BRH:0
end_of_record
TN:
SF:src/types/response.ts
FN:4,makeErrorRPCResponse
FN:15,makeGenericRPCResponse
FNF:2
FNH:0
FNDA:0,makeErrorRPCResponse
FNDA:0,makeGenericRPCResponse
DA:1,0
DA:4,0
DA:5,0
DA:15,0
DA:16,0
LF:5
LH:0
BRF:0
BRH:0
end_of_record
TN:
SF:src/types/rpc.ts
FNF:0
FNH:0
DA:1,0
DA:5,0
DA:22,0
DA:38,0
LF:4
LH:0
BRF:0
BRH:0
end_of_record
TN:
SF:src/utils/crypto.ts
FN:4,(anonymous_0)
FN:17,(anonymous_1)
FN:22,(anonymous_2)
FN:26,(anonymous_3)
FN:40,(anonymous_4)
FN:69,(anonymous_5)
FN:91,(anonymous_6)
FNF:7
FNH:4
FNDA:2,(anonymous_0)
FNDA:0,(anonymous_1)
FNDA:0,(anonymous_2)
FNDA:2,(anonymous_3)
FNDA:5,(anonymous_4)
FNDA:0,(anonymous_5)
FNDA:1,(anonymous_6)
DA:1,1
DA:2,1
DA:4,1
DA:7,2
DA:8,0
DA:11,2
DA:12,2
DA:13,2
DA:14,2
DA:17,1
DA:18,0
DA:19,0
DA:22,1
DA:23,0
DA:26,1
DA:28,2
DA:34,2
DA:37,2
DA:40,1
DA:41,5
DA:42,2
DA:46,3
DA:49,3
DA:52,3
DA:53,3
DA:54,0
DA:58,3
DA:59,3
DA:60,0
DA:63,3
DA:66,3
DA:69,1
DA:70,0
DA:73,0
DA:74,0
DA:79,0
DA:80,0
DA:84,0
DA:86,0
DA:87,0
DA:91,1
DA:93,1
DA:96,1
DA:99,1
LF:44
LH:30
BRDA:7,0,0,0
BRDA:41,1,0,2
BRDA:41,2,0,5
BRDA:41,2,1,4
BRDA:41,2,2,4
BRDA:46,3,0,1
BRDA:46,3,1,2
BRDA:53,4,0,0
BRDA:59,5,0,0
BRDA:73,6,0,0
BRDA:79,7,0,0
BRF:11
BRH:6
end_of_record
TN:
SF:src/utils/parsers.ts
FN:5,(anonymous_0)
FN:9,(anonymous_1)
FN:20,(anonymous_2)
FNF:3
FNH:3
FNDA:1,(anonymous_0)
FNDA:6,(anonymous_1)
FNDA:20,(anonymous_2)
DA:1,1
DA:5,1
DA:6,1
DA:9,1
DA:10,6
DA:11,6
DA:12,6
DA:13,11
DA:15,6
DA:20,1
DA:21,20
DA:22,1
DA:25,19
DA:27,19
DA:29,19
DA:30,19
DA:31,19
DA:33,19
DA:34,1
DA:37,18
DA:38,1
DA:41,17
DA:42,17
DA:44,17
DA:45,1
DA:48,16
DA:57,16
DA:59,3
LF:28
LH:28
BRDA:21,0,0,1
BRDA:33,1,0,1
BRDA:37,2,0,1
BRDA:44,3,0,1
BRDA:51,4,0,15
BRDA:51,4,1,1
BRF:6
BRH:6
end_of_record
TN:
SF:src/utils/logger/ConsoleLogger.ts
FN:4,(anonymous_0)
FN:25,(anonymous_1)
FNF:2
FNH:1
FNDA:51,(anonymous_0)
FNDA:0,(anonymous_1)
DA:3,52
DA:5,51
DA:6,51
DA:8,51
DA:10,0
DA:11,0
DA:13,0
DA:14,0
DA:16,51
DA:17,51
DA:20,0
DA:21,0
DA:26,0
LF:13
LH:6
BRDA:4,0,0,0
BRDA:8,1,0,0
BRDA:8,1,1,0
BRDA:8,1,2,51
BRDA:8,1,3,0
BRDA:8,1,4,0
BRF:6
BRH:1
end_of_record
TN:
SF:src/utils/logger/DiskLogger.ts
FN:12,(anonymous_9)
FN:26,(anonymous_10)
FN:32,(anonymous_11)
FN:52,(anonymous_12)
FN:65,(anonymous_13)
FN:68,(anonymous_14)
FN:71,(anonymous_15)
FNF:7
FNH:0
FNDA:0,(anonymous_9)
FNDA:0,(anonymous_10)
FNDA:0,(anonymous_11)
FNDA:0,(anonymous_12)
FNDA:0,(anonymous_13)
FNDA:0,(anonymous_14)
FNDA:0,(anonymous_15)
DA:2,52
DA:3,52
DA:4,52
DA:5,52
DA:7,52
DA:9,0
DA:13,0
DA:14,0
DA:16,0
DA:19,0
DA:22,0
DA:23,0
DA:27,0
DA:28,0
DA:33,0
DA:34,0
DA:36,0
DA:37,0
DA:38,0
DA:43,0
DA:46,0
DA:47,0
DA:53,0
DA:55,0
DA:56,0
DA:58,0
DA:59,0
DA:61,0
DA:66,0
DA:67,0
DA:68,0
DA:70,0
DA:71,0
DA:74,0
LF:34
LH:5
BRDA:13,0,0,0
BRDA:13,0,1,0
BRDA:16,1,0,0
BRDA:16,1,1,0
BRDA:17,2,0,0
BRDA:17,2,1,0
BRDA:27,3,0,0
BRDA:36,4,0,0
BRDA:46,5,0,0
BRDA:52,6,0,0
BRF:10
BRH:0
end_of_record
TN:
SF:src/utils/logger/LoggerFactory.ts
FN:7,(anonymous_0)
FN:11,(anonymous_1)
FN:18,(anonymous_2)
FN:22,(anonymous_3)
FNF:4
FNH:1
FNDA:0,(anonymous_0)
FNDA:51,(anonymous_1)
FNDA:0,(anonymous_2)
FNDA:0,(anonymous_3)
DA:2,52
DA:4,52
DA:5,52
DA:12,51
DA:13,11
DA:15,51
DA:19,0
DA:23,0
LF:8
LH:6
BRDA:12,0,0,11
BRF:1
BRH:1
end_of_record
TN:
SF:src/utils/logger/MongoDBLogger.ts
FN:18,(anonymous_0)
FN:28,(anonymous_1)
FN:37,(anonymous_2)
FN:53,(anonymous_3)
FN:62,(anonymous_4)
FNF:5
FNH:0
FNDA:0,(anonymous_0)
FNDA:0,(anonymous_1)
FNDA:0,(anonymous_2)
FNDA:0,(anonymous_3)
FNDA:0,(anonymous_4)
DA:2,52
DA:10,52
DA:16,0
DA:23,0
DA:24,0
DA:25,0
DA:29,0
DA:30,0
DA:31,0
DA:32,0
DA:33,0
DA:38,0
DA:39,0
DA:41,0
DA:47,0
DA:49,0
DA:54,0
DA:55,0
DA:56,0
DA:58,0
DA:63,0
DA:64,0
DA:65,0
LF:23
LH:2
BRDA:19,0,0,0
BRDA:20,1,0,0
BRDA:21,2,0,0
BRDA:29,3,0,0
BRDA:37,4,0,0
BRDA:63,5,0,0
BRF:6
BRH:0
end_of_record
TN:
SF:src/utils/logger/RedisLogger.ts
FN:9,(anonymous_0)
FN:16,(anonymous_1)
FN:21,(anonymous_2)
FN:26,(anonymous_3)
FN:32,(anonymous_4)
FN:49,(anonymous_5)
FN:58,(anonymous_6)
FNF:7
FNH:0
FNDA:0,(anonymous_0)
FNDA:0,(anonymous_1)
FNDA:0,(anonymous_2)
FNDA:0,(anonymous_3)
FNDA:0,(anonymous_4)
FNDA:0,(anonymous_5)
FNDA:0,(anonymous_6)
DA:2,52
DA:4,52
DA:7,0
DA:13,0
DA:14,0
DA:16,0
DA:17,0
DA:18,0
DA:21,0
DA:22,0
DA:27,0
DA:28,0
DA:33,0
DA:34,0
DA:36,0
DA:37,0
DA:43,0
DA:45,0
DA:50,0
DA:51,0
DA:52,0
DA:54,0
DA:59,0
DA:60,0
DA:61,0
LF:25
LH:2
BRDA:10,0,0,0
BRDA:11,1,0,0
BRDA:27,2,0,0
BRDA:32,3,0,0
BRDA:59,4,0,0
BRF:5
BRH:0
end_of_record
TN:
SF:src/utils/logger/index.ts
FN:2,(anonymous_0)
FN:3,(anonymous_1)
FN:4,(anonymous_2)
FN:5,(anonymous_3)
FN:6,(anonymous_4)
FNF:5
FNH:1
FNDA:0,(anonymous_0)
FNDA:0,(anonymous_1)
FNDA:0,(anonymous_2)
FNDA:0,(anonymous_3)
FNDA:51,(anonymous_4)
DA:2,52
DA:3,52
DA:4,52
DA:5,52
DA:6,103
LF:5
LH:5
BRF:0
BRH:0
end_of_record
